<?xml version="1.0" encoding="UTF-8"?>
<!-- Generated by org.testng.reporters.JUnitReportReporter -->
<testsuite hostname="DESKTOP-EIN1GKN" failures="0" tests="13" name="com.inetBanking_V122.TestCases.SearchFunctionaility" time="209.601" errors="0" timestamp="27 Aug 2023 20:30:29 GMT" skipped="0">
  <testcase classname="com.inetBanking_V122.TestCases.SearchFunctionaility" name="Validatethatsearchboxisdisplayedinthehomepage" time="0.183"/>
  <testcase classname="com.inetBanking_V122.TestCases.SearchFunctionaility" name="ValidatethatsearchButttonisdisplayedinthehomepage" time="0.109"/>
  <testcase classname="com.inetBanking_V122.TestCases.SearchFunctionaility" name="ValidatethatSearchforVegetablesAndFruitsPlaceholderisdispalyedinsearchboxfield" time="0.028"/>
  <testcase classname="com.inetBanking_V122.TestCases.SearchFunctionaility" name="Validatethatmultipleproductsaredisplayedinthehomepage" time="0.026"/>
  <testcase classname="com.inetBanking_V122.TestCases.SearchFunctionaility" name="Validatethatproductsaresortedaspertheuserinputs" time="1.311"/>
  <testcase classname="com.inetBanking_V122.TestCases.SearchFunctionaility" name="Validatethatproductsaresortedaspertheuserinputsthepartialproductname" time="1.203"/>
  <testcase classname="com.inetBanking_V122.TestCases.SearchFunctionaility" name="Validatethatallinitialproductsaredisplayedwhensearchboxisresettedaftersorting" time="1.107"/>
  <testcase classname="com.inetBanking_V122.TestCases.SearchFunctionaility" name="ValidatethatSorrynoproductsmatchedyoursearchmessageisdisplayedwhenuserentersproductnamewhichisnotavailable" time="1.097"/>
  <testcase classname="com.inetBanking_V122.TestCases.SearchFunctionaility" name="Validatethatwhenuniqueproductareaddedtothecartitemfieldisupdated" time="43.292"/>
  <testcase classname="com.inetBanking_V122.TestCases.SearchFunctionaility" name="Validatethatwhenduplicateproductareaddedtothecartitemfieldisnotupdated" time="43.216"/>
  <testcase classname="com.inetBanking_V122.TestCases.SearchFunctionaility" name="ValidatethatwhenAddtocartlabelchangestoAddedwhenuserclickontheaddtocartbutton" time="36.370"/>
  <testcase classname="com.inetBanking_V122.TestCases.SearchFunctionaility" name="ValidatethatAddedlabelchangestoAddtocartaftersometimeofaddingtheproducttocart" time="37.405"/>
  <testcase classname="com.inetBanking_V122.TestCases.SearchFunctionaility" name="Validatethatwhenproductareaddedtothecartpricefieldisupdated" time="44.254"/>
</testsuite> <!-- com.inetBanking_V122.TestCases.SearchFunctionaility -->
