<?xml version="1.0" encoding="UTF-8"?>
<!-- Generated by org.testng.reporters.JUnitReportReporter -->
<testsuite hostname="DESKTOP-EIN1GKN" failures="0" tests="1" name="com.inetBanking_V122.TestCases.Cart" time="47.118" errors="0" timestamp="27 Aug 2023 20:30:29 GMT" skipped="0">
  <testcase classname="com.inetBanking_V122.TestCases.Cart" name="Validatethatwhenproductareaddedtothecartsameproductdetailsaredisplayedinthecart" time="47.118"/>
</testsuite> <!-- com.inetBanking_V122.TestCases.Cart -->
