<?xml version="1.0" encoding="UTF-8"?>
<!-- Generated by org.testng.reporters.JUnitReportReporter -->
<testsuite hostname="DESKTOP-EIN1GKN" failures="0" tests="1" name="com.inetBanking_V122.TestCases.LoginTest" time="6.574" errors="0" timestamp="18 Aug 2023 06:14:39 GMT" skipped="0">
  <testcase classname="com.inetBanking_V122.TestCases.LoginTest" name="loginTest" time="6.574"/>
</testsuite> <!-- com.inetBanking_V122.TestCases.LoginTest -->
