<?xml version="1.0" encoding="UTF-8"?>
<!-- Generated by org.testng.reporters.JUnitReportReporter -->
<testsuite hostname="DESKTOP-EIN1GKN" failures="0" tests="6" name="com.inetBanking_V122.TestCases.SearchFunctionaility" time="3.004" errors="0" timestamp="24 Aug 2023 08:38:23 GMT" skipped="0">
  <testcase classname="com.inetBanking_V122.TestCases.SearchFunctionaility" name="Validatethatsearchboxisdisplayedinthehomepage" time="0.186"/>
  <testcase classname="com.inetBanking_V122.TestCases.SearchFunctionaility" name="ValidatethatsearchButttonisdisplayedinthehomepage" time="0.072"/>
  <testcase classname="com.inetBanking_V122.TestCases.SearchFunctionaility" name="ValidatethatSearchforVegetablesAndFruitsPlaceholderisdispalyedinsearchboxfield" time="0.031"/>
  <testcase classname="com.inetBanking_V122.TestCases.SearchFunctionaility" name="Validatethatmultipleproductsaredisplayedinthehomepage" time="0.040"/>
  <testcase classname="com.inetBanking_V122.TestCases.SearchFunctionaility" name="Validatethatproductsaresortedaspertheuserinputs" time="1.340"/>
  <testcase classname="com.inetBanking_V122.TestCases.SearchFunctionaility" name="Validatethatproductsaresortedaspertheuserinputsthepartialproductname" time="1.335"/>
</testsuite> <!-- com.inetBanking_V122.TestCases.SearchFunctionaility -->
