<?xml version="1.0" encoding="UTF-8"?>
<!-- Generated by org.testng.reporters.JUnitReportReporter -->
<testsuite hostname="DESKTOP-EIN1GKN" failures="0" tests="1" name="com.inetBanking_V122.TestCases.LoginTest" time="10.370" errors="0" timestamp="22 Aug 2023 10:13:05 GMT" skipped="0">
  <testcase classname="com.inetBanking_V122.TestCases.LoginTest" name="loginTest" time="10.370"/>
</testsuite> <!-- com.inetBanking_V122.TestCases.LoginTest -->
