<?xml version="1.0" encoding="UTF-8"?>
<!-- Generated by org.testng.reporters.JUnitReportReporter -->
<testsuite hostname="DESKTOP-EIN1GKN" failures="0" tests="3" name="com.inetBanking_V122.TestCases.ParllelTests" time="6.576" errors="0" timestamp="22 Aug 2023 10:16:30 GMT" skipped="0">
  <testcase classname="com.inetBanking_V122.TestCases.ParllelTests" name="test3" time="2.201"/>
  <testcase classname="com.inetBanking_V122.TestCases.ParllelTests" name="test1" time="2.175"/>
  <testcase classname="com.inetBanking_V122.TestCases.ParllelTests" name="test2" time="2.200"/>
</testsuite> <!-- com.inetBanking_V122.TestCases.ParllelTests -->
