<?xml version="1.0" encoding="UTF-8"?>
<!-- Generated by org.testng.reporters.JUnitReportReporter -->
<testsuite hostname="DESKTOP-EIN1GKN" failures="0" tests="1" name="com.inetBanking_V122.TestCases.SearchFunctionaility" time="44.660" errors="0" timestamp="26 Aug 2023 19:28:25 GMT" skipped="0">
  <testcase classname="com.inetBanking_V122.TestCases.SearchFunctionaility" name="Validatethatwhenproductareaddedtothecartpricefieldisupdated" time="44.660"/>
</testsuite> <!-- com.inetBanking_V122.TestCases.SearchFunctionaility -->
