<?xml version="1.0" encoding="UTF-8"?>
<!-- Generated by org.testng.reporters.JUnitReportReporter -->
<testsuite hostname="DESKTOP-EIN1GKN" failures="0" tests="3" name="com.inetBanking_V122.TestCases.ParllelTests" time="7.212" errors="0" timestamp="23 Aug 2023 15:08:55 GMT" skipped="0">
  <testcase classname="com.inetBanking_V122.TestCases.ParllelTests" name="test1" time="2.400"/>
  <testcase classname="com.inetBanking_V122.TestCases.ParllelTests" name="test3" time="2.404"/>
  <testcase classname="com.inetBanking_V122.TestCases.ParllelTests" name="test2" time="2.408"/>
</testsuite> <!-- com.inetBanking_V122.TestCases.ParllelTests -->
