<?xml version="1.0" encoding="UTF-8"?>
<!-- Generated by org.testng.reporters.JUnitReportReporter -->
<testsuite hostname="DESKTOP-EIN1GKN" failures="0" tests="6" name="com.inetBanking_V122.TestCases.SearchFunctionaility" time="2.947" errors="0" timestamp="24 Aug 2023 08:26:57 GMT" skipped="0">
  <testcase classname="com.inetBanking_V122.TestCases.SearchFunctionaility" name="Validatethatsearchboxisdisplayedinthehomepage" time="0.195"/>
  <testcase classname="com.inetBanking_V122.TestCases.SearchFunctionaility" name="ValidatethatsearchButttonisdisplayedinthehomepage" time="0.053"/>
  <testcase classname="com.inetBanking_V122.TestCases.SearchFunctionaility" name="ValidatethatSearchforVegetablesAndFruitsPlaceholderisdispalyedinsearchboxfield" time="0.030"/>
  <testcase classname="com.inetBanking_V122.TestCases.SearchFunctionaility" name="Validatethatmultipleproductsaredisplayedinthehomepage" time="0.028"/>
  <testcase classname="com.inetBanking_V122.TestCases.SearchFunctionaility" name="Validatethatproductsaresortedaspertheuserinputs" time="1.327"/>
  <testcase classname="com.inetBanking_V122.TestCases.SearchFunctionaility" name="Validatethatproductsaresortedaspertheuserinputsthepartialproductname" time="1.314"/>
</testsuite> <!-- com.inetBanking_V122.TestCases.SearchFunctionaility -->
