<?xml version="1.0" encoding="UTF-8"?>
<!-- Generated by org.testng.reporters.JUnitReportReporter -->
<testsuite hostname="DESKTOP-EIN1GKN" failures="0" tests="1" name="com.inetBanking_V122.TestCases.SearchFunctionaility" time="2.656" errors="0" timestamp="24 Aug 2023 17:23:20 GMT" skipped="0">
  <testcase classname="com.inetBanking_V122.TestCases.SearchFunctionaility" name="Validatethatwhenuniqueproductareaddedtothecartitemfieldisupdated" time="2.656"/>
</testsuite> <!-- com.inetBanking_V122.TestCases.SearchFunctionaility -->
